------------STAGE 0----------
steps/align_fmllr.sh --nj 15 --cmd run.pl data/tr05_multi_noisy data/lang exp/tri3b_tr05_multi_noisy exp/tri3b_tr05_multi_noisy_ali
steps/align_fmllr.sh: feature type is lda
steps/align_fmllr.sh: compiling training graphs
steps/align_fmllr.sh: aligning data in data/tr05_multi_noisy using exp/tri3b_tr05_multi_noisy/final.alimdl and speaker-independent features.
steps/align_fmllr.sh: computing fMLLR transforms
steps/align_fmllr.sh: doing final alignment.
steps/align_fmllr.sh: done aligning data.
steps/diagnostic/analyze_alignments.sh --cmd run.pl data/lang exp/tri3b_tr05_multi_noisy_ali
steps/diagnostic/analyze_alignments.sh: see stats in exp/tri3b_tr05_multi_noisy_ali/log/analyze_alignments.log
1768 warnings in exp/tri3b_tr05_multi_noisy_ali/log/align_pass2.*.log
1869 warnings in exp/tri3b_tr05_multi_noisy_ali/log/align_pass1.*.log
279 warnings in exp/tri3b_tr05_multi_noisy_ali/log/fmllr.*.log
steps/align_fmllr.sh --nj 4 --cmd run.pl data/dt05_multi_beamformit_5mics data/lang exp/tri3b_tr05_multi_noisy exp/tri3b_tr05_multi_noisy_ali_dt05
steps/align_fmllr.sh: feature type is lda
steps/align_fmllr.sh: compiling training graphs
steps/align_fmllr.sh: aligning data in data/dt05_multi_beamformit_5mics using exp/tri3b_tr05_multi_noisy/final.alimdl and speaker-independent features.
steps/align_fmllr.sh: computing fMLLR transforms
steps/align_fmllr.sh: doing final alignment.
steps/align_fmllr.sh: done aligning data.
steps/diagnostic/analyze_alignments.sh --cmd run.pl data/lang exp/tri3b_tr05_multi_noisy_ali_dt05
steps/diagnostic/analyze_alignments.sh: see stats in exp/tri3b_tr05_multi_noisy_ali_dt05/log/analyze_alignments.log
32 warnings in exp/tri3b_tr05_multi_noisy_ali_dt05/log/align_pass2.*.log
22 warnings in exp/tri3b_tr05_multi_noisy_ali_dt05/log/align_pass1.*.log
------------STAGE 1----------
steps/nnet/make_fmllr_feats.sh --nj 4 --cmd run.pl --transform-dir exp/tri3b_tr05_multi_noisy_ali data-fmllr-tri3b/tr05_real_noisy data/tr05_real_noisy exp/tri3b_tr05_multi_noisy_ali exp/make_fmllr_tri3b/tr05_real_noisy fmllr-tri3b/noisy
steps/nnet/make_fmllr_feats.sh: feature type is lda_fmllr
utils/copy_data_dir.sh: copied data from data/tr05_real_noisy to data-fmllr-tri3b/tr05_real_noisy
utils/validate_data_dir.sh: Successfully validated data-directory data-fmllr-tri3b/tr05_real_noisy
steps/nnet/make_fmllr_feats.sh: Done!, type lda_fmllr, data/tr05_real_noisy --> data-fmllr-tri3b/tr05_real_noisy, using : raw-trans None, gmm exp/tri3b_tr05_multi_noisy_ali, trans exp/tri3b_tr05_multi_noisy_ali
steps/nnet/make_fmllr_feats.sh --nj 4 --cmd run.pl --transform-dir exp/tri3b_tr05_multi_noisy_ali data-fmllr-tri3b/tr05_simu_noisy data/tr05_simu_noisy exp/tri3b_tr05_multi_noisy_ali exp/make_fmllr_tri3b/tr05_simu_noisy fmllr-tri3b/noisy
steps/nnet/make_fmllr_feats.sh: feature type is lda_fmllr
utils/copy_data_dir.sh: copied data from data/tr05_simu_noisy to data-fmllr-tri3b/tr05_simu_noisy
utils/validate_data_dir.sh: Successfully validated data-directory data-fmllr-tri3b/tr05_simu_noisy
steps/nnet/make_fmllr_feats.sh: Done!, type lda_fmllr, data/tr05_simu_noisy --> data-fmllr-tri3b/tr05_simu_noisy, using : raw-trans None, gmm exp/tri3b_tr05_multi_noisy_ali, trans exp/tri3b_tr05_multi_noisy_ali
------------STAGE 2----------
steps/nnet/make_fmllr_feats.sh --nj 4 --cmd run.pl --transform-dir exp/tri3b_tr05_multi_noisy/decode_tgpr_5k_dt05_real_beamformit_5mics data-fmllr-tri3b/dt05_real_beamformit_5mics data/dt05_real_beamformit_5mics exp/tri3b_tr05_multi_noisy exp/make_fmllr_tri3b/dt05_real_beamformit_5mics fmllr-tri3b/beamformit_5mics
steps/nnet/make_fmllr_feats.sh: feature type is lda_fmllr
utils/copy_data_dir.sh: copied data from data/dt05_real_beamformit_5mics to data-fmllr-tri3b/dt05_real_beamformit_5mics
utils/validate_data_dir.sh: Successfully validated data-directory data-fmllr-tri3b/dt05_real_beamformit_5mics
steps/nnet/make_fmllr_feats.sh: Done!, type lda_fmllr, data/dt05_real_beamformit_5mics --> data-fmllr-tri3b/dt05_real_beamformit_5mics, using : raw-trans None, gmm exp/tri3b_tr05_multi_noisy, trans exp/tri3b_tr05_multi_noisy/decode_tgpr_5k_dt05_real_beamformit_5mics
steps/nnet/make_fmllr_feats.sh --nj 4 --cmd run.pl --transform-dir exp/tri3b_tr05_multi_noisy/decode_tgpr_5k_dt05_simu_beamformit_5mics data-fmllr-tri3b/dt05_simu_beamformit_5mics data/dt05_simu_beamformit_5mics exp/tri3b_tr05_multi_noisy exp/make_fmllr_tri3b/dt05_simu_beamformit_5mics fmllr-tri3b/beamformit_5mics
steps/nnet/make_fmllr_feats.sh: feature type is lda_fmllr
utils/copy_data_dir.sh: copied data from data/dt05_simu_beamformit_5mics to data-fmllr-tri3b/dt05_simu_beamformit_5mics
utils/validate_data_dir.sh: Successfully validated data-directory data-fmllr-tri3b/dt05_simu_beamformit_5mics
steps/nnet/make_fmllr_feats.sh: Done!, type lda_fmllr, data/dt05_simu_beamformit_5mics --> data-fmllr-tri3b/dt05_simu_beamformit_5mics, using : raw-trans None, gmm exp/tri3b_tr05_multi_noisy, trans exp/tri3b_tr05_multi_noisy/decode_tgpr_5k_dt05_simu_beamformit_5mics
steps/nnet/make_fmllr_feats.sh --nj 4 --cmd run.pl --transform-dir exp/tri3b_tr05_multi_noisy/decode_tgpr_5k_et05_real_beamformit_5mics data-fmllr-tri3b/et05_real_beamformit_5mics data/et05_real_beamformit_5mics exp/tri3b_tr05_multi_noisy exp/make_fmllr_tri3b/et05_real_beamformit_5mics fmllr-tri3b/beamformit_5mics
steps/nnet/make_fmllr_feats.sh: feature type is lda_fmllr
utils/copy_data_dir.sh: copied data from data/et05_real_beamformit_5mics to data-fmllr-tri3b/et05_real_beamformit_5mics
utils/validate_data_dir.sh: Successfully validated data-directory data-fmllr-tri3b/et05_real_beamformit_5mics
steps/nnet/make_fmllr_feats.sh: Done!, type lda_fmllr, data/et05_real_beamformit_5mics --> data-fmllr-tri3b/et05_real_beamformit_5mics, using : raw-trans None, gmm exp/tri3b_tr05_multi_noisy, trans exp/tri3b_tr05_multi_noisy/decode_tgpr_5k_et05_real_beamformit_5mics
steps/nnet/make_fmllr_feats.sh --nj 4 --cmd run.pl --transform-dir exp/tri3b_tr05_multi_noisy/decode_tgpr_5k_et05_simu_beamformit_5mics data-fmllr-tri3b/et05_simu_beamformit_5mics data/et05_simu_beamformit_5mics exp/tri3b_tr05_multi_noisy exp/make_fmllr_tri3b/et05_simu_beamformit_5mics fmllr-tri3b/beamformit_5mics
steps/nnet/make_fmllr_feats.sh: feature type is lda_fmllr
utils/copy_data_dir.sh: copied data from data/et05_simu_beamformit_5mics to data-fmllr-tri3b/et05_simu_beamformit_5mics
utils/validate_data_dir.sh: Successfully validated data-directory data-fmllr-tri3b/et05_simu_beamformit_5mics
steps/nnet/make_fmllr_feats.sh: Done!, type lda_fmllr, data/et05_simu_beamformit_5mics --> data-fmllr-tri3b/et05_simu_beamformit_5mics, using : raw-trans None, gmm exp/tri3b_tr05_multi_noisy, trans exp/tri3b_tr05_multi_noisy/decode_tgpr_5k_et05_simu_beamformit_5mics
------------STAGE 3----------
utils/data/get_utt2dur.sh: segments file does not exist so getting durations from wave files
utils/data/get_utt2dur.sh: could not get utterance lengths from sphere-file headers, using wav-to-duration
wav-to-duration --read-entire-file=false scp:data-fmllr-tri3b/tr05_real_noisy/wav.scp ark,t:data-fmllr-tri3b/tr05_real_noisy/utt2dur 
LOG (wav-to-duration:main():wav-to-duration.cc:90) Printed duration for 9600 audio files.
LOG (wav-to-duration:main():wav-to-duration.cc:92) Mean duration was 6.5463, min and max durations were 1.37188, 13.848
utils/data/get_utt2dur.sh: computed data-fmllr-tri3b/tr05_real_noisy/utt2dur
utils/data/get_utt2dur.sh: segments file does not exist so getting durations from wave files
utils/data/get_utt2dur.sh: could not get utterance lengths from sphere-file headers, using wav-to-duration
wav-to-duration --read-entire-file=false scp:data-fmllr-tri3b/tr05_simu_noisy/wav.scp ark,t:data-fmllr-tri3b/tr05_simu_noisy/utt2dur 
LOG (wav-to-duration:main():wav-to-duration.cc:90) Printed duration for 42828 audio files.
LOG (wav-to-duration:main():wav-to-duration.cc:92) Mean duration was 7.64062, min and max durations were 1.3, 20.4
utils/data/get_utt2dur.sh: computed data-fmllr-tri3b/tr05_simu_noisy/utt2dur
utils/data/get_utt2dur.sh: segments file does not exist so getting durations from wave files
utils/data/get_utt2dur.sh: could not get utterance lengths from sphere-file headers, using wav-to-duration
wav-to-duration --read-entire-file=false scp:data-fmllr-tri3b/dt05_real_beamformit_5mics/wav.scp ark,t:data-fmllr-tri3b/dt05_real_beamformit_5mics/utt2dur 
LOG (wav-to-duration:main():wav-to-duration.cc:90) Printed duration for 1640 audio files.
LOG (wav-to-duration:main():wav-to-duration.cc:92) Mean duration was 6.03619, min and max durations were 1.384, 13.864
utils/data/get_utt2dur.sh: computed data-fmllr-tri3b/dt05_real_beamformit_5mics/utt2dur
utils/data/get_utt2dur.sh: segments file does not exist so getting durations from wave files
utils/data/get_utt2dur.sh: could not get utterance lengths from sphere-file headers, using wav-to-duration
wav-to-duration --read-entire-file=false scp:data-fmllr-tri3b/dt05_simu_beamformit_5mics/wav.scp ark,t:data-fmllr-tri3b/dt05_simu_beamformit_5mics/utt2dur 
LOG (wav-to-duration:main():wav-to-duration.cc:90) Printed duration for 1640 audio files.
LOG (wav-to-duration:main():wav-to-duration.cc:92) Mean duration was 6.35832, min and max durations were 1.808, 14.176
utils/data/get_utt2dur.sh: computed data-fmllr-tri3b/dt05_simu_beamformit_5mics/utt2dur
utils/combine_data.sh data-fmllr-tri3b/tr05_multi_noisy data-fmllr-tri3b/tr05_simu_noisy data-fmllr-tri3b/tr05_real_noisy
utils/combine_data.sh [info]: not combining utt2uniq as it does not exist
utils/combine_data.sh [info]: not combining segments as it does not exist
utils/combine_data.sh: combined utt2spk
utils/combine_data.sh [info]: not combining utt2lang as it does not exist
utils/combine_data.sh: combined utt2dur
utils/combine_data.sh: combined feats.scp
utils/combine_data.sh: combined text
utils/combine_data.sh [info]: not combining cmvn.scp as it does not exist
utils/combine_data.sh [info]: not combining reco2file_and_channel as it does not exist
utils/combine_data.sh: combined wav.scp
utils/combine_data.sh [info]: not combining spk2gender as it does not exist
fix_data_dir.sh: kept all 52428 utterances.
fix_data_dir.sh: old files are kept in data-fmllr-tri3b/tr05_multi_noisy/.backup
utils/combine_data.sh data-fmllr-tri3b/dt05_multi_beamformit_5mics data-fmllr-tri3b/dt05_simu_beamformit_5mics data-fmllr-tri3b/dt05_real_beamformit_5mics
utils/combine_data.sh [info]: not combining utt2uniq as it does not exist
utils/combine_data.sh [info]: not combining segments as it does not exist
utils/combine_data.sh: combined utt2spk
utils/combine_data.sh [info]: not combining utt2lang as it does not exist
utils/combine_data.sh: combined utt2dur
utils/combine_data.sh: combined feats.scp
utils/combine_data.sh: combined text
utils/combine_data.sh [info]: not combining cmvn.scp as it does not exist
utils/combine_data.sh [info]: not combining reco2file_and_channel as it does not exist
utils/combine_data.sh: combined wav.scp
utils/combine_data.sh [info]: not combining spk2gender as it does not exist
fix_data_dir.sh: kept all 3280 utterances.
fix_data_dir.sh: old files are kept in data-fmllr-tri3b/dt05_multi_beamformit_5mics/.backup
utils/data/get_utt2dur.sh: segments file does not exist so getting durations from wave files
utils/data/get_utt2dur.sh: could not get utterance lengths from sphere-file headers, using wav-to-duration
wav-to-duration --read-entire-file=false scp:data-fmllr-tri3b/et05_real_beamformit_5mics/wav.scp ark,t:data-fmllr-tri3b/et05_real_beamformit_5mics/utt2dur 
LOG (wav-to-duration:main():wav-to-duration.cc:90) Printed duration for 1320 audio files.
LOG (wav-to-duration:main():wav-to-duration.cc:92) Mean duration was 5.9364, min and max durations were 1.272, 12.92
utils/data/get_utt2dur.sh: computed data-fmllr-tri3b/et05_real_beamformit_5mics/utt2dur
utils/data/get_utt2dur.sh: segments file does not exist so getting durations from wave files
utils/data/get_utt2dur.sh: could not get utterance lengths from sphere-file headers, using wav-to-duration
wav-to-duration --read-entire-file=false scp:data-fmllr-tri3b/et05_simu_beamformit_5mics/wav.scp ark,t:data-fmllr-tri3b/et05_simu_beamformit_5mics/utt2dur 
LOG (wav-to-duration:main():wav-to-duration.cc:90) Printed duration for 1320 audio files.
LOG (wav-to-duration:main():wav-to-duration.cc:92) Mean duration was 6.2255, min and max durations were 1.552, 12.368
utils/data/get_utt2dur.sh: computed data-fmllr-tri3b/et05_simu_beamformit_5mics/utt2dur
utils/combine_data.sh data-fmllr-tri3b/et05_multi_beamformit_5mics data-fmllr-tri3b/et05_simu_beamformit_5mics data-fmllr-tri3b/et05_real_beamformit_5mics
utils/combine_data.sh [info]: not combining utt2uniq as it does not exist
utils/combine_data.sh [info]: not combining segments as it does not exist
utils/combine_data.sh: combined utt2spk
utils/combine_data.sh [info]: not combining utt2lang as it does not exist
utils/combine_data.sh: combined utt2dur
utils/combine_data.sh: combined feats.scp
utils/combine_data.sh: combined text
utils/combine_data.sh [info]: not combining cmvn.scp as it does not exist
utils/combine_data.sh [info]: not combining reco2file_and_channel as it does not exist
utils/combine_data.sh: combined wav.scp
utils/combine_data.sh [info]: not combining spk2gender as it does not exist
fix_data_dir.sh: kept all 2640 utterances.
fix_data_dir.sh: old files are kept in data-fmllr-tri3b/et05_multi_beamformit_5mics/.backup
------------STAGE 4----------
------------STAGE 5----------
------------STAGE 6----------
tree-info exp/tri4a_dnn_tr05_multi_noisy/tree 
tree-info exp/tri4a_dnn_tr05_multi_noisy/tree 
make-h-transducer --disambig-syms-out=exp/tri4a_dnn_tr05_multi_noisy/graph_tgpr_5k/disambig_tid.int --transition-scale=1.0 data/lang_test_tgpr_5k/tmp/ilabels_3_1 exp/tri4a_dnn_tr05_multi_noisy/tree exp/tri4a_dnn_tr05_multi_noisy/final.mdl 
fstrmsymbols exp/tri4a_dnn_tr05_multi_noisy/graph_tgpr_5k/disambig_tid.int 
fstminimizeencoded 
fstrmepslocal 
fsttablecompose exp/tri4a_dnn_tr05_multi_noisy/graph_tgpr_5k/Ha.fst data/lang_test_tgpr_5k/tmp/CLG_3_1.fst 
fstdeterminizestar --use-log=true 
fstisstochastic exp/tri4a_dnn_tr05_multi_noisy/graph_tgpr_5k/HCLGa.fst 
0.000487823 -0.314076
HCLGa is not stochastic
add-self-loops --self-loop-scale=0.1 --reorder=true exp/tri4a_dnn_tr05_multi_noisy/final.mdl 
steps/nnet/decode.sh --nj 3 --num-threads 4 --cmd run.pl --acwt 0.10 --config conf/decode_dnn.config exp/tri4a_dnn_tr05_multi_noisy/graph_tgpr_5k data-fmllr-tri3b/dt05_simu_beamformit_5mics exp/tri4a_dnn_tr05_multi_noisy/decode_tgpr_5k_dt05_simu_beamformit_5mics
steps/nnet/decode.sh --nj 3 --num-threads 4 --cmd run.pl --acwt 0.10 --config conf/decode_dnn.config exp/tri4a_dnn_tr05_multi_noisy/graph_tgpr_5k data-fmllr-tri3b/et05_real_beamformit_5mics exp/tri4a_dnn_tr05_multi_noisy/decode_tgpr_5k_et05_real_beamformit_5mics
steps/nnet/decode.sh --nj 3 --num-threads 4 --cmd run.pl --acwt 0.10 --config conf/decode_dnn.config exp/tri4a_dnn_tr05_multi_noisy/graph_tgpr_5k data-fmllr-tri3b/et05_simu_beamformit_5mics exp/tri4a_dnn_tr05_multi_noisy/decode_tgpr_5k_et05_simu_beamformit_5mics
steps/nnet/decode.sh --nj 3 --num-threads 4 --cmd run.pl --acwt 0.10 --config conf/decode_dnn.config exp/tri4a_dnn_tr05_multi_noisy/graph_tgpr_5k data-fmllr-tri3b/dt05_real_beamformit_5mics exp/tri4a_dnn_tr05_multi_noisy/decode_tgpr_5k_dt05_real_beamformit_5mics
run.pl: 1 / 3 failed, log is in exp/tri4a_dnn_tr05_multi_noisy/decode_tgpr_5k_et05_simu_beamformit_5mics/log/decode.*.log
run.pl: 1 / 3 failed, log is in exp/tri4a_dnn_tr05_multi_noisy/decode_tgpr_5k_et05_real_beamformit_5mics/log/decode.*.log
run.pl: 1 / 3 failed, log is in exp/tri4a_dnn_tr05_multi_noisy/decode_tgpr_5k_dt05_real_beamformit_5mics/log/decode.*.log
------------STAGE 7----------
steps/nnet/align.sh --nj 15 --cmd run.pl data-fmllr-tri3b/tr05_multi_noisy data/lang exp/tri4a_dnn_tr05_multi_noisy exp/tri4a_dnn_tr05_multi_noisy_ali
steps/nnet/align.sh: aligning data 'data-fmllr-tri3b/tr05_multi_noisy' using nnet/model 'exp/tri4a_dnn_tr05_multi_noisy', putting alignments in 'exp/tri4a_dnn_tr05_multi_noisy_ali'
steps/nnet/align.sh: done aligning data.
steps/nnet/make_denlats.sh --nj 15 --cmd run.pl --config conf/decode_dnn.config --acwt 0.1 data-fmllr-tri3b/tr05_multi_noisy data/lang exp/tri4a_dnn_tr05_multi_noisy exp/tri4a_dnn_tr05_multi_noisy_denlats
Making unigram grammar FST in exp/tri4a_dnn_tr05_multi_noisy_denlats/lang
sym2int.pl: replacing *FLUCTUATE* with 64
sym2int.pl: replacing *FLUCTUATE* with 64
sym2int.pl: replacing *FLUCTUATE* with 64
sym2int.pl: replacing *FLUCTUATE* with 64
sym2int.pl: replacing *FLUCTUATE* with 64
sym2int.pl: replacing *FLUCTUATE* with 64
sym2int.pl: replacing *IGNORANCE* with 64
sym2int.pl: replacing *IGNORANCE* with 64
sym2int.pl: replacing *IGNORANCE* with 64
sym2int.pl: replacing *IGNORANCE* with 64
sym2int.pl: replacing *IGNORANCE* with 64
sym2int.pl: replacing *IGNORANCE* with 64
sym2int.pl: replacing EXISITING with 64
sym2int.pl: replacing EXISITING with 64
sym2int.pl: replacing EXISITING with 64
sym2int.pl: replacing EXISITING with 64
sym2int.pl: replacing EXISITING with 64
sym2int.pl: replacing EXISITING with 64
sym2int.pl: replacing *BAKER* with 64
sym2int.pl: replacing *BAKER* with 64
sym2int.pl: not warning for OOVs any more times
** Replaced 1176 instances of OOVs with 64
Compiling decoding graph in exp/tri4a_dnn_tr05_multi_noisy_denlats/dengraph
tree-info exp/tri4a_dnn_tr05_multi_noisy/tree 
tree-info exp/tri4a_dnn_tr05_multi_noisy/tree 
fstpushspecial 
fstdeterminizestar --use-log=true 
fsttablecompose exp/tri4a_dnn_tr05_multi_noisy_denlats/lang/L_disambig.fst exp/tri4a_dnn_tr05_multi_noisy_denlats/lang/G.fst 
fstminimizeencoded 
fstisstochastic exp/tri4a_dnn_tr05_multi_noisy_denlats/lang/tmp/LG.fst 
-0.0860332 -0.0862951
[info]: LG not stochastic.
fstcomposecontext --context-size=3 --central-position=1 --read-disambig-syms=exp/tri4a_dnn_tr05_multi_noisy_denlats/lang/phones/disambig.int --write-disambig-syms=exp/tri4a_dnn_tr05_multi_noisy_denlats/lang/tmp/disambig_ilabels_3_1.int exp/tri4a_dnn_tr05_multi_noisy_denlats/lang/tmp/ilabels_3_1 
fstisstochastic exp/tri4a_dnn_tr05_multi_noisy_denlats/lang/tmp/CLG_3_1.fst 
0 -0.0862951
[info]: CLG not stochastic.
make-h-transducer --disambig-syms-out=exp/tri4a_dnn_tr05_multi_noisy_denlats/dengraph/disambig_tid.int --transition-scale=1.0 exp/tri4a_dnn_tr05_multi_noisy_denlats/lang/tmp/ilabels_3_1 exp/tri4a_dnn_tr05_multi_noisy/tree exp/tri4a_dnn_tr05_multi_noisy/final.mdl 
fsttablecompose exp/tri4a_dnn_tr05_multi_noisy_denlats/dengraph/Ha.fst exp/tri4a_dnn_tr05_multi_noisy_denlats/lang/tmp/CLG_3_1.fst 
fstminimizeencoded 
fstdeterminizestar --use-log=true 
fstrmsymbols exp/tri4a_dnn_tr05_multi_noisy_denlats/dengraph/disambig_tid.int 
fstrmepslocal 
fstisstochastic exp/tri4a_dnn_tr05_multi_noisy_denlats/dengraph/HCLGa.fst 
0.000487626 -0.211533
HCLGa is not stochastic
add-self-loops --self-loop-scale=0.1 --reorder=true exp/tri4a_dnn_tr05_multi_noisy/final.mdl 
steps/nnet/make_denlats.sh: generating denlats from data 'data-fmllr-tri3b/tr05_multi_noisy', putting lattices in 'exp/tri4a_dnn_tr05_multi_noisy_denlats'
steps/nnet/make_denlats.sh: done generating denominator lattices.
------------STAGE 8----------
steps/nnet/train_mpe.sh --cmd run.pl --num-iters 1 --acwt 0.1 --do-smbr true data-fmllr-tri3b/tr05_multi_noisy data/lang exp/tri4a_dnn_tr05_multi_noisy exp/tri4a_dnn_tr05_multi_noisy_ali exp/tri4a_dnn_tr05_multi_noisy_denlats exp/tri4a_dnn_tr05_multi_noisy_smbr
Pass 1 (learnrate 0.00001)
 TRAINING FINISHED; Time taken = 151.657 min; processed 4264.66 frames per second.
 Done 52278 files, 149 with no reference alignments, 1 with no lattices, 0 with other errors.
 Overall average frame-accuracy is 0.952045 over 38805981 frames.
MPE/sMBR training finished
Re-estimating priors by forwarding 10k utterances from training set.
steps/nnet/make_priors.sh --cmd run.pl --nj 15 data-fmllr-tri3b/tr05_multi_noisy exp/tri4a_dnn_tr05_multi_noisy_smbr
Accumulating prior stats by forwarding 'data-fmllr-tri3b/tr05_multi_noisy' with 'exp/tri4a_dnn_tr05_multi_noisy_smbr'
Succeeded creating prior counts 'exp/tri4a_dnn_tr05_multi_noisy_smbr/prior_counts' from 'data-fmllr-tri3b/tr05_multi_noisy'
steps/nnet/train_mpe.sh: Done. 'exp/tri4a_dnn_tr05_multi_noisy_smbr'
------------STAGE 9----------
------------STAGE 10----------
steps/nnet/decode.sh --nj 3 --num-threads 4 --cmd run.pl --config conf/decode_dnn.config --nnet exp/tri4a_dnn_tr05_multi_noisy_smbr/1.nnet --acwt 0.1 exp/tri4a_dnn_tr05_multi_noisy/graph_tgpr_5k data-fmllr-tri3b/et05_real_beamformit_5mics exp/tri4a_dnn_tr05_multi_noisy_smbr/decode_tgpr_5k_et05_real_beamformit_5mics_it1
steps/nnet/decode.sh --nj 3 --num-threads 4 --cmd run.pl --config conf/decode_dnn.config --nnet exp/tri4a_dnn_tr05_multi_noisy_smbr/1.nnet --acwt 0.1 exp/tri4a_dnn_tr05_multi_noisy/graph_tgpr_5k data-fmllr-tri3b/dt05_simu_beamformit_5mics exp/tri4a_dnn_tr05_multi_noisy_smbr/decode_tgpr_5k_dt05_simu_beamformit_5mics_it1
steps/nnet/decode.sh --nj 3 --num-threads 4 --cmd run.pl --config conf/decode_dnn.config --nnet exp/tri4a_dnn_tr05_multi_noisy_smbr/1.nnet --acwt 0.1 exp/tri4a_dnn_tr05_multi_noisy/graph_tgpr_5k data-fmllr-tri3b/et05_simu_beamformit_5mics exp/tri4a_dnn_tr05_multi_noisy_smbr/decode_tgpr_5k_et05_simu_beamformit_5mics_it1
steps/nnet/align.sh --nj 15 --cmd run.pl data-fmllr-tri3b/tr05_multi_noisy data/lang exp/tri4a_dnn_tr05_multi_noisy_smbr exp/tri4a_dnn_tr05_multi_noisy_smbr_ali
steps/nnet/decode.sh --nj 3 --num-threads 4 --cmd run.pl --config conf/decode_dnn.config --nnet exp/tri4a_dnn_tr05_multi_noisy_smbr/1.nnet --acwt 0.1 exp/tri4a_dnn_tr05_multi_noisy/graph_tgpr_5k data-fmllr-tri3b/dt05_real_beamformit_5mics exp/tri4a_dnn_tr05_multi_noisy_smbr/decode_tgpr_5k_dt05_real_beamformit_5mics_it1
steps/nnet/align.sh: aligning data 'data-fmllr-tri3b/tr05_multi_noisy' using nnet/model 'exp/tri4a_dnn_tr05_multi_noisy_smbr', putting alignments in 'exp/tri4a_dnn_tr05_multi_noisy_smbr_ali'
run.pl: 3 / 3 failed, log is in exp/tri4a_dnn_tr05_multi_noisy_smbr/decode_tgpr_5k_et05_simu_beamformit_5mics_it1/log/decode.*.log
run.pl: 3 / 3 failed, log is in exp/tri4a_dnn_tr05_multi_noisy_smbr/decode_tgpr_5k_et05_real_beamformit_5mics_it1/log/decode.*.log
run.pl: 10 / 15 failed, log is in exp/tri4a_dnn_tr05_multi_noisy_smbr_ali/log/align.*.log
run.pl: 1 / 3 failed, log is in exp/tri4a_dnn_tr05_multi_noisy_smbr/decode_tgpr_5k_dt05_real_beamformit_5mics_it1/log/decode.*.log
run.pl: 2 / 3 failed, log is in exp/tri4a_dnn_tr05_multi_noisy_smbr/decode_tgpr_5k_dt05_simu_beamformit_5mics_it1/log/decode.*.log
